{"/Users/jimreynolds/infatuation/src/assets/svgs/image-catalog.ts": {"path":"/Users/jimreynolds/infatuation/src/assets/svgs/image-catalog.ts","statementMap":{"0":{"start":{"line":12,"column":41},"end":{"line":14,"column":1}},"1":{"start":{"line":15,"column":42},"end":{"line":17,"column":1}},"2":{"start":{"line":18,"column":42},"end":{"line":20,"column":1}},"3":{"start":{"line":21,"column":44},"end":{"line":23,"column":1}},"4":{"start":{"line":24,"column":44},"end":{"line":26,"column":1}},"5":{"start":{"line":27,"column":41},"end":{"line":29,"column":1}},"6":{"start":{"line":30,"column":40},"end":{"line":32,"column":1}},"7":{"start":{"line":33,"column":47},"end":{"line":35,"column":1}}},"fnMap":{},"branchMap":{},"s":{"0":5,"1":5,"2":5,"3":5,"4":5,"5":5,"6":5,"7":5},"f":{},"b":{},"_coverageSchema":"1a1c01bbd47fc00a2c39e90264f33305004495a9","hash":"30230c2cdf246381c4344d294472fedcf6ea5e94"}
,"/Users/jimreynolds/infatuation/src/components/cards/core-card/core-card.tsx": {"path":"/Users/jimreynolds/infatuation/src/components/cards/core-card/core-card.tsx","statementMap":{"0":{"start":{"line":4,"column":19},"end":{"line":4,"column":43}},"1":{"start":{"line":6,"column":24},"end":{"line":41,"column":1}},"2":{"start":{"line":13,"column":8},"end":{"line":13,"column":13}},"3":{"start":{"line":15,"column":4},"end":{"line":40,"column":5}},"4":{"start":{"line":43,"column":15},"end":{"line":102,"column":2}}},"fnMap":{"0":{"name":"(anonymous_0)","decl":{"start":{"line":6,"column":24},"end":{"line":6,"column":25}},"loc":{"start":{"line":6,"column":46},"end":{"line":41,"column":1}},"line":6}},"branchMap":{},"s":{"0":5,"1":5,"2":26,"3":26,"4":5},"f":{"0":26},"b":{},"_coverageSchema":"1a1c01bbd47fc00a2c39e90264f33305004495a9","hash":"7bd74796f4318534ae2fae28ddfe4cbb2ea772de"}
,"/Users/jimreynolds/infatuation/src/components/cards/fav-card/fav-card.tsx": {"path":"/Users/jimreynolds/infatuation/src/components/cards/fav-card/fav-card.tsx","statementMap":{"0":{"start":{"line":21,"column":41},"end":{"line":59,"column":1}},"1":{"start":{"line":26,"column":8},"end":{"line":26,"column":13}},"2":{"start":{"line":28,"column":33},"end":{"line":30,"column":26}},"3":{"start":{"line":29,"column":8},"end":{"line":29,"column":34}},"4":{"start":{"line":33,"column":8},"end":{"line":40,"column":26}},"5":{"start":{"line":43,"column":4},"end":{"line":58,"column":5}},"6":{"start":{"line":61,"column":15},"end":{"line":84,"column":2}}},"fnMap":{"0":{"name":"(anonymous_0)","decl":{"start":{"line":21,"column":41},"end":{"line":21,"column":42}},"loc":{"start":{"line":21,"column":52},"end":{"line":59,"column":1}},"line":21},"1":{"name":"(anonymous_1)","decl":{"start":{"line":28,"column":45},"end":{"line":28,"column":46}},"loc":{"start":{"line":28,"column":51},"end":{"line":30,"column":5}},"line":28}},"branchMap":{"0":{"loc":{"start":{"line":29,"column":8},"end":{"line":29,"column":34}},"type":"binary-expr","locations":[{"start":{"line":29,"column":8},"end":{"line":29,"column":17}},{"start":{"line":29,"column":21},"end":{"line":29,"column":34}}],"line":29}},"s":{"0":3,"1":4,"2":4,"3":1,"4":4,"5":4,"6":3},"f":{"0":4,"1":1},"b":{"0":[1,1]},"_coverageSchema":"1a1c01bbd47fc00a2c39e90264f33305004495a9","hash":"811a9583bc71290f297e8369212fa78878ec5653"}
,"/Users/jimreynolds/infatuation/src/components/cards/search-card/search-card.tsx": {"path":"/Users/jimreynolds/infatuation/src/components/cards/search-card/search-card.tsx","statementMap":{"0":{"start":{"line":14,"column":19},"end":{"line":14,"column":43}},"1":{"start":{"line":21,"column":26},"end":{"line":47,"column":1}},"2":{"start":{"line":26,"column":8},"end":{"line":26,"column":13}},"3":{"start":{"line":28,"column":4},"end":{"line":46,"column":6}},"4":{"start":{"line":29,"column":86},"end":{"line":29,"column":107}},"5":{"start":{"line":49,"column":15},"end":{"line":89,"column":2}}},"fnMap":{"0":{"name":"(anonymous_0)","decl":{"start":{"line":21,"column":26},"end":{"line":21,"column":27}},"loc":{"start":{"line":21,"column":54},"end":{"line":47,"column":1}},"line":21},"1":{"name":"(anonymous_1)","decl":{"start":{"line":29,"column":80},"end":{"line":29,"column":81}},"loc":{"start":{"line":29,"column":86},"end":{"line":29,"column":107}},"line":29}},"branchMap":{"0":{"loc":{"start":{"line":31,"column":17},"end":{"line":39,"column":23}},"type":"binary-expr","locations":[{"start":{"line":31,"column":17},"end":{"line":31,"column":32}},{"start":{"line":31,"column":36},"end":{"line":39,"column":23}}],"line":31},"1":{"loc":{"start":{"line":42,"column":55},"end":{"line":42,"column":90}},"type":"cond-expr","locations":[{"start":{"line":42,"column":69},"end":{"line":42,"column":78}},{"start":{"line":42,"column":81},"end":{"line":42,"column":90}}],"line":42}},"s":{"0":3,"1":3,"2":17,"3":17,"4":3,"5":3},"f":{"0":17,"1":3},"b":{"0":[17,6],"1":[5,12]},"_coverageSchema":"1a1c01bbd47fc00a2c39e90264f33305004495a9","hash":"126b6ae118e80943b05e1c54c5cd0bb25ae92925"}
,"/Users/jimreynolds/infatuation/src/components/empty-state/empty-state.tsx": {"path":"/Users/jimreynolds/infatuation/src/components/empty-state/empty-state.tsx","statementMap":{"0":{"start":{"line":9,"column":26},"end":{"line":29,"column":1}},"1":{"start":{"line":15,"column":4},"end":{"line":28,"column":5}},"2":{"start":{"line":31,"column":15},"end":{"line":67,"column":2}}},"fnMap":{"0":{"name":"(anonymous_0)","decl":{"start":{"line":9,"column":26},"end":{"line":9,"column":27}},"loc":{"start":{"line":14,"column":23},"end":{"line":29,"column":1}},"line":14}},"branchMap":{},"s":{"0":3,"1":12,"2":3},"f":{"0":12},"b":{},"_coverageSchema":"1a1c01bbd47fc00a2c39e90264f33305004495a9","hash":"23b2ae716294c157ea7d870ee3718f822ac21a6f"}
,"/Users/jimreynolds/infatuation/src/components/header/header.tsx": {"path":"/Users/jimreynolds/infatuation/src/components/header/header.tsx","statementMap":{"0":{"start":{"line":17,"column":48},"end":{"line":43,"column":1}},"1":{"start":{"line":25,"column":4},"end":{"line":42,"column":5}},"2":{"start":{"line":51,"column":20},"end":{"line":77,"column":1}},"3":{"start":{"line":52,"column":47},"end":{"line":52,"column":52}},"4":{"start":{"line":53,"column":4},"end":{"line":55,"column":5}},"5":{"start":{"line":54,"column":8},"end":{"line":54,"column":19}},"6":{"start":{"line":56,"column":4},"end":{"line":76,"column":5}},"7":{"start":{"line":65,"column":20},"end":{"line":72,"column":22}},"8":{"start":{"line":87,"column":19},"end":{"line":105,"column":1}},"9":{"start":{"line":88,"column":53},"end":{"line":88,"column":58}},"10":{"start":{"line":89,"column":68},"end":{"line":89,"column":72}},"11":{"start":{"line":90,"column":23},"end":{"line":90,"column":54}},"12":{"start":{"line":91,"column":22},"end":{"line":91,"column":53}},"13":{"start":{"line":93,"column":4},"end":{"line":104,"column":5}},"14":{"start":{"line":107,"column":34},"end":{"line":118,"column":1}},"15":{"start":{"line":108,"column":4},"end":{"line":116,"column":5}},"16":{"start":{"line":109,"column":8},"end":{"line":115,"column":9}},"17":{"start":{"line":117,"column":4},"end":{"line":117,"column":20}},"18":{"start":{"line":120,"column":15},"end":{"line":170,"column":2}}},"fnMap":{"0":{"name":"(anonymous_0)","decl":{"start":{"line":17,"column":48},"end":{"line":17,"column":49}},"loc":{"start":{"line":23,"column":6},"end":{"line":43,"column":1}},"line":23},"1":{"name":"(anonymous_1)","decl":{"start":{"line":51,"column":20},"end":{"line":51,"column":21}},"loc":{"start":{"line":51,"column":53},"end":{"line":77,"column":1}},"line":51},"2":{"name":"(anonymous_2)","decl":{"start":{"line":64,"column":27},"end":{"line":64,"column":28}},"loc":{"start":{"line":65,"column":20},"end":{"line":72,"column":22}},"line":65},"3":{"name":"(anonymous_3)","decl":{"start":{"line":87,"column":19},"end":{"line":87,"column":20}},"loc":{"start":{"line":87,"column":47},"end":{"line":105,"column":1}},"line":87},"4":{"name":"(anonymous_4)","decl":{"start":{"line":107,"column":34},"end":{"line":107,"column":35}},"loc":{"start":{"line":107,"column":77},"end":{"line":118,"column":1}},"line":107}},"branchMap":{"0":{"loc":{"start":{"line":33,"column":17},"end":{"line":33,"column":67}},"type":"binary-expr","locations":[{"start":{"line":33,"column":17},"end":{"line":33,"column":22}},{"start":{"line":33,"column":26},"end":{"line":33,"column":67}}],"line":33},"1":{"loc":{"start":{"line":34,"column":17},"end":{"line":38,"column":17}},"type":"binary-expr","locations":[{"start":{"line":34,"column":17},"end":{"line":34,"column":21}},{"start":{"line":35,"column":20},"end":{"line":37,"column":27}}],"line":34},"2":{"loc":{"start":{"line":53,"column":4},"end":{"line":55,"column":5}},"type":"if","locations":[{"start":{"line":53,"column":4},"end":{"line":55,"column":5}},{"start":{},"end":{}}],"line":53},"3":{"loc":{"start":{"line":53,"column":8},"end":{"line":53,"column":36}},"type":"binary-expr","locations":[{"start":{"line":53,"column":8},"end":{"line":53,"column":14}},{"start":{"line":53,"column":18},"end":{"line":53,"column":36}}],"line":53},"4":{"loc":{"start":{"line":91,"column":22},"end":{"line":91,"column":53}},"type":"binary-expr","locations":[{"start":{"line":91,"column":22},"end":{"line":91,"column":26}},{"start":{"line":91,"column":30},"end":{"line":91,"column":42}},{"start":{"line":91,"column":46},"end":{"line":91,"column":53}}],"line":91},"5":{"loc":{"start":{"line":99,"column":75},"end":{"line":99,"column":107}},"type":"cond-expr","locations":[{"start":{"line":99,"column":88},"end":{"line":99,"column":98}},{"start":{"line":99,"column":101},"end":{"line":99,"column":107}}],"line":99},"6":{"loc":{"start":{"line":99,"column":116},"end":{"line":99,"column":178}},"type":"binary-expr","locations":[{"start":{"line":99,"column":116},"end":{"line":99,"column":128}},{"start":{"line":99,"column":132},"end":{"line":99,"column":178}}],"line":99},"7":{"loc":{"start":{"line":102,"column":13},"end":{"line":102,"column":75}},"type":"binary-expr","locations":[{"start":{"line":102,"column":13},"end":{"line":102,"column":20}},{"start":{"line":102,"column":24},"end":{"line":102,"column":75}}],"line":102},"8":{"loc":{"start":{"line":108,"column":4},"end":{"line":116,"column":5}},"type":"if","locations":[{"start":{"line":108,"column":4},"end":{"line":116,"column":5}},{"start":{},"end":{}}],"line":108},"9":{"loc":{"start":{"line":112,"column":23},"end":{"line":112,"column":75}},"type":"binary-expr","locations":[{"start":{"line":112,"column":23},"end":{"line":112,"column":45}},{"start":{"line":112,"column":49},"end":{"line":112,"column":75}}],"line":112},"10":{"loc":{"start":{"line":113,"column":24},"end":{"line":113,"column":77}},"type":"binary-expr","locations":[{"start":{"line":113,"column":24},"end":{"line":113,"column":47}},{"start":{"line":113,"column":51},"end":{"line":113,"column":77}}],"line":113}},"s":{"0":2,"1":11,"2":2,"3":11,"4":11,"5":7,"6":4,"7":8,"8":2,"9":8,"10":8,"11":8,"12":8,"13":8,"14":2,"15":8,"16":8,"17":0,"18":2},"f":{"0":11,"1":11,"2":8,"3":8,"4":8},"b":{"0":[11,11],"1":[11,11],"2":[7,4],"3":[11,4],"4":[8,8,8],"5":[4,4],"6":[8,8],"7":[8,0],"8":[8,0],"9":[8,8],"10":[8,8]},"_coverageSchema":"1a1c01bbd47fc00a2c39e90264f33305004495a9","hash":"f6ca8526c0d8409551029c9c5d77cef2976a7c1b"}
,"/Users/jimreynolds/infatuation/src/components/svgs/svg.tsx": {"path":"/Users/jimreynolds/infatuation/src/components/svgs/svg.tsx","statementMap":{"0":{"start":{"line":5,"column":19},"end":{"line":18,"column":1}},"1":{"start":{"line":6,"column":37},"end":{"line":6,"column":42}},"2":{"start":{"line":7,"column":24},"end":{"line":7,"column":50}},"3":{"start":{"line":8,"column":2},"end":{"line":16,"column":3}},"4":{"start":{"line":9,"column":4},"end":{"line":13,"column":5}},"5":{"start":{"line":15,"column":4},"end":{"line":15,"column":40}}},"fnMap":{"0":{"name":"(anonymous_0)","decl":{"start":{"line":5,"column":19},"end":{"line":5,"column":20}},"loc":{"start":{"line":5,"column":44},"end":{"line":18,"column":1}},"line":5}},"branchMap":{"0":{"loc":{"start":{"line":8,"column":2},"end":{"line":16,"column":3}},"type":"if","locations":[{"start":{"line":8,"column":2},"end":{"line":16,"column":3}},{"start":{"line":14,"column":9},"end":{"line":16,"column":3}}],"line":8}},"s":{"0":6,"1":67,"2":67,"3":67,"4":8,"5":59},"f":{"0":67},"b":{"0":[8,59]},"_coverageSchema":"1a1c01bbd47fc00a2c39e90264f33305004495a9","hash":"900a24f26d39cd64f9040e3f149126e0696d712a"}
,"/Users/jimreynolds/infatuation/src/components/swipeable-row/swipeable-actions.tsx": {"path":"/Users/jimreynolds/infatuation/src/components/swipeable-row/swipeable-actions.tsx","statementMap":{"0":{"start":{"line":6,"column":63},"end":{"line":38,"column":1}},"1":{"start":{"line":7,"column":40},"end":{"line":7,"column":45}},"2":{"start":{"line":8,"column":26},"end":{"line":8,"column":62}},"3":{"start":{"line":9,"column":16},"end":{"line":12,"column":3}},"4":{"start":{"line":10,"column":4},"end":{"line":10,"column":24}},"5":{"start":{"line":11,"column":4},"end":{"line":11,"column":32}},"6":{"start":{"line":14,"column":2},"end":{"line":37,"column":3}}},"fnMap":{"0":{"name":"(anonymous_0)","decl":{"start":{"line":6,"column":63},"end":{"line":6,"column":64}},"loc":{"start":{"line":6,"column":72},"end":{"line":38,"column":1}},"line":6},"1":{"name":"(anonymous_1)","decl":{"start":{"line":9,"column":16},"end":{"line":9,"column":17}},"loc":{"start":{"line":9,"column":22},"end":{"line":12,"column":3}},"line":9}},"branchMap":{"0":{"loc":{"start":{"line":10,"column":4},"end":{"line":10,"column":24}},"type":"binary-expr","locations":[{"start":{"line":10,"column":4},"end":{"line":10,"column":11}},{"start":{"line":10,"column":15},"end":{"line":10,"column":24}}],"line":10},"1":{"loc":{"start":{"line":11,"column":4},"end":{"line":11,"column":32}},"type":"binary-expr","locations":[{"start":{"line":11,"column":4},"end":{"line":11,"column":15}},{"start":{"line":11,"column":19},"end":{"line":11,"column":32}}],"line":11}},"s":{"0":3,"1":4,"2":4,"3":4,"4":1,"5":1,"6":4},"f":{"0":4,"1":1},"b":{"0":[1,1],"1":[1,1]},"_coverageSchema":"1a1c01bbd47fc00a2c39e90264f33305004495a9","hash":"b883791f1a3ca2de69c7d7400ab1abd9e020aab9"}
,"/Users/jimreynolds/infatuation/src/components/swipeable-row/swipeable-row.tsx": {"path":"/Users/jimreynolds/infatuation/src/components/swipeable-row/swipeable-row.tsx","statementMap":{"0":{"start":{"line":6,"column":40},"end":{"line":8,"column":2}},"1":{"start":{"line":7,"column":21},"end":{"line":7,"column":24}},"2":{"start":{"line":10,"column":57},"end":{"line":32,"column":1}},"3":{"start":{"line":11,"column":63},"end":{"line":11,"column":68}},"4":{"start":{"line":12,"column":18},"end":{"line":12,"column":33}},"5":{"start":{"line":13,"column":22},"end":{"line":15,"column":3}},"6":{"start":{"line":14,"column":4},"end":{"line":14,"column":46}},"7":{"start":{"line":18,"column":2},"end":{"line":31,"column":3}},"8":{"start":{"line":25,"column":33},"end":{"line":25,"column":65}},"9":{"start":{"line":26,"column":34},"end":{"line":26,"column":67}}},"fnMap":{"0":{"name":"(anonymous_0)","decl":{"start":{"line":7,"column":15},"end":{"line":7,"column":16}},"loc":{"start":{"line":7,"column":21},"end":{"line":7,"column":24}},"line":7},"1":{"name":"(anonymous_1)","decl":{"start":{"line":10,"column":57},"end":{"line":10,"column":58}},"loc":{"start":{"line":10,"column":66},"end":{"line":32,"column":1}},"line":10},"2":{"name":"(anonymous_2)","decl":{"start":{"line":13,"column":22},"end":{"line":13,"column":23}},"loc":{"start":{"line":13,"column":28},"end":{"line":15,"column":3}},"line":13},"3":{"name":"(anonymous_3)","decl":{"start":{"line":25,"column":27},"end":{"line":25,"column":28}},"loc":{"start":{"line":25,"column":33},"end":{"line":25,"column":65}},"line":25},"4":{"name":"(anonymous_4)","decl":{"start":{"line":26,"column":28},"end":{"line":26,"column":29}},"loc":{"start":{"line":26,"column":34},"end":{"line":26,"column":67}},"line":26}},"branchMap":{"0":{"loc":{"start":{"line":14,"column":4},"end":{"line":14,"column":46}},"type":"binary-expr","locations":[{"start":{"line":14,"column":4},"end":{"line":14,"column":19}},{"start":{"line":14,"column":23},"end":{"line":14,"column":46}}],"line":14}},"s":{"0":3,"1":0,"2":3,"3":4,"4":4,"5":4,"6":1,"7":4,"8":5,"9":5},"f":{"0":0,"1":4,"2":1,"3":5,"4":5},"b":{"0":[1,1]},"_coverageSchema":"1a1c01bbd47fc00a2c39e90264f33305004495a9","hash":"74c7945ea531893fd66a1ea63905ec8b016e241e"}
,"/Users/jimreynolds/infatuation/src/components/text-entry/text-entry.tsx": {"path":"/Users/jimreynolds/infatuation/src/components/text-entry/text-entry.tsx","statementMap":{"0":{"start":{"line":7,"column":25},"end":{"line":112,"column":2}},"1":{"start":{"line":25,"column":8},"end":{"line":25,"column":13}},"2":{"start":{"line":27,"column":18},"end":{"line":27,"column":41}},"3":{"start":{"line":29,"column":25},"end":{"line":33,"column":5}},"4":{"start":{"line":30,"column":8},"end":{"line":32,"column":9}},"5":{"start":{"line":31,"column":12},"end":{"line":31,"column":46}},"6":{"start":{"line":35,"column":27},"end":{"line":39,"column":5}},"7":{"start":{"line":36,"column":8},"end":{"line":38,"column":9}},"8":{"start":{"line":37,"column":12},"end":{"line":37,"column":49}},"9":{"start":{"line":40,"column":32},"end":{"line":44,"column":5}},"10":{"start":{"line":41,"column":8},"end":{"line":43,"column":9}},"11":{"start":{"line":42,"column":12},"end":{"line":42,"column":47}},"12":{"start":{"line":46,"column":22},"end":{"line":49,"column":5}},"13":{"start":{"line":48,"column":8},"end":{"line":48,"column":38}},"14":{"start":{"line":51,"column":21},"end":{"line":53,"column":5}},"15":{"start":{"line":52,"column":8},"end":{"line":52,"column":36}},"16":{"start":{"line":55,"column":18},"end":{"line":59,"column":5}},"17":{"start":{"line":56,"column":8},"end":{"line":58,"column":9}},"18":{"start":{"line":57,"column":12},"end":{"line":57,"column":33}},"19":{"start":{"line":61,"column":17},"end":{"line":65,"column":5}},"20":{"start":{"line":62,"column":8},"end":{"line":64,"column":9}},"21":{"start":{"line":63,"column":12},"end":{"line":63,"column":32}},"22":{"start":{"line":67,"column":4},"end":{"line":71,"column":7}},"23":{"start":{"line":67,"column":36},"end":{"line":71,"column":5}},"24":{"start":{"line":74,"column":4},"end":{"line":111,"column":5}},"25":{"start":{"line":114,"column":15},"end":{"line":153,"column":2}}},"fnMap":{"0":{"name":"(anonymous_0)","decl":{"start":{"line":7,"column":66},"end":{"line":7,"column":67}},"loc":{"start":{"line":7,"column":82},"end":{"line":112,"column":1}},"line":7},"1":{"name":"(anonymous_1)","decl":{"start":{"line":29,"column":25},"end":{"line":29,"column":26}},"loc":{"start":{"line":29,"column":66},"end":{"line":33,"column":5}},"line":29},"2":{"name":"(anonymous_2)","decl":{"start":{"line":35,"column":27},"end":{"line":35,"column":28}},"loc":{"start":{"line":35,"column":86},"end":{"line":39,"column":5}},"line":35},"3":{"name":"(anonymous_3)","decl":{"start":{"line":40,"column":32},"end":{"line":40,"column":33}},"loc":{"start":{"line":40,"column":91},"end":{"line":44,"column":5}},"line":40},"4":{"name":"(anonymous_4)","decl":{"start":{"line":46,"column":22},"end":{"line":46,"column":23}},"loc":{"start":{"line":46,"column":28},"end":{"line":49,"column":5}},"line":46},"5":{"name":"(anonymous_5)","decl":{"start":{"line":51,"column":21},"end":{"line":51,"column":22}},"loc":{"start":{"line":51,"column":27},"end":{"line":53,"column":5}},"line":51},"6":{"name":"(anonymous_6)","decl":{"start":{"line":55,"column":18},"end":{"line":55,"column":19}},"loc":{"start":{"line":55,"column":24},"end":{"line":59,"column":5}},"line":55},"7":{"name":"(anonymous_7)","decl":{"start":{"line":61,"column":17},"end":{"line":61,"column":18}},"loc":{"start":{"line":61,"column":23},"end":{"line":65,"column":5}},"line":61},"8":{"name":"(anonymous_8)","decl":{"start":{"line":67,"column":29},"end":{"line":67,"column":30}},"loc":{"start":{"line":67,"column":36},"end":{"line":71,"column":5}},"line":67}},"branchMap":{"0":{"loc":{"start":{"line":30,"column":8},"end":{"line":32,"column":9}},"type":"if","locations":[{"start":{"line":30,"column":8},"end":{"line":32,"column":9}},{"start":{},"end":{}}],"line":30},"1":{"loc":{"start":{"line":36,"column":8},"end":{"line":38,"column":9}},"type":"if","locations":[{"start":{"line":36,"column":8},"end":{"line":38,"column":9}},{"start":{},"end":{}}],"line":36},"2":{"loc":{"start":{"line":41,"column":8},"end":{"line":43,"column":9}},"type":"if","locations":[{"start":{"line":41,"column":8},"end":{"line":43,"column":9}},{"start":{},"end":{}}],"line":41},"3":{"loc":{"start":{"line":48,"column":8},"end":{"line":48,"column":38}},"type":"binary-expr","locations":[{"start":{"line":48,"column":8},"end":{"line":48,"column":20}},{"start":{"line":48,"column":24},"end":{"line":48,"column":38}}],"line":48},"4":{"loc":{"start":{"line":52,"column":8},"end":{"line":52,"column":36}},"type":"binary-expr","locations":[{"start":{"line":52,"column":8},"end":{"line":52,"column":19}},{"start":{"line":52,"column":23},"end":{"line":52,"column":36}}],"line":52},"5":{"loc":{"start":{"line":56,"column":8},"end":{"line":58,"column":9}},"type":"if","locations":[{"start":{"line":56,"column":8},"end":{"line":58,"column":9}},{"start":{},"end":{}}],"line":56},"6":{"loc":{"start":{"line":62,"column":8},"end":{"line":64,"column":9}},"type":"if","locations":[{"start":{"line":62,"column":8},"end":{"line":64,"column":9}},{"start":{},"end":{}}],"line":62},"7":{"loc":{"start":{"line":99,"column":32},"end":{"line":99,"column":54}},"type":"binary-expr","locations":[{"start":{"line":99,"column":32},"end":{"line":99,"column":38}},{"start":{"line":99,"column":42},"end":{"line":99,"column":54}}],"line":99},"8":{"loc":{"start":{"line":100,"column":44},"end":{"line":100,"column":66}},"type":"binary-expr","locations":[{"start":{"line":100,"column":44},"end":{"line":100,"column":50}},{"start":{"line":100,"column":54},"end":{"line":100,"column":66}}],"line":100},"9":{"loc":{"start":{"line":102,"column":21},"end":{"line":106,"column":21}},"type":"binary-expr","locations":[{"start":{"line":102,"column":21},"end":{"line":102,"column":28}},{"start":{"line":103,"column":24},"end":{"line":105,"column":31}}],"line":102}},"s":{"0":3,"1":11,"2":11,"3":11,"4":0,"5":0,"6":11,"7":0,"8":0,"9":11,"10":0,"11":0,"12":11,"13":1,"14":11,"15":0,"16":11,"17":0,"18":0,"19":11,"20":0,"21":0,"22":11,"23":7,"24":11,"25":3},"f":{"0":11,"1":0,"2":0,"3":0,"4":1,"5":0,"6":0,"7":0,"8":7},"b":{"0":[0,0],"1":[0,0],"2":[0,0],"3":[1,1],"4":[0,0],"5":[0,0],"6":[0,0],"7":[11,3],"8":[11,3],"9":[11,7]},"_coverageSchema":"1a1c01bbd47fc00a2c39e90264f33305004495a9","hash":"066289fa016dc6b7e46d9278beacdf83ad4c3722"}
,"/Users/jimreynolds/infatuation/src/hooks/useSearch.ts": {"path":"/Users/jimreynolds/infatuation/src/hooks/useSearch.ts","statementMap":{"0":{"start":{"line":26,"column":25},"end":{"line":86,"column":1}},"1":{"start":{"line":27,"column":26},"end":{"line":27,"column":52}},"2":{"start":{"line":28,"column":28},"end":{"line":28,"column":58}},"3":{"start":{"line":29,"column":32},"end":{"line":29,"column":56}},"4":{"start":{"line":30,"column":18},"end":{"line":30,"column":32}},"5":{"start":{"line":32,"column":20},"end":{"line":83,"column":3}},"6":{"start":{"line":34,"column":22},"end":{"line":34,"column":60}},"7":{"start":{"line":35,"column":25},"end":{"line":35,"column":53}},"8":{"start":{"line":36,"column":24},"end":{"line":36,"column":48}},"9":{"start":{"line":38,"column":14},"end":{"line":38,"column":73}},"10":{"start":{"line":40,"column":4},"end":{"line":40,"column":20}},"11":{"start":{"line":41,"column":19},"end":{"line":41,"column":30}},"12":{"start":{"line":42,"column":4},"end":{"line":81,"column":8}},"13":{"start":{"line":48,"column":8},"end":{"line":53,"column":9}},"14":{"start":{"line":49,"column":10},"end":{"line":49,"column":32}},"15":{"start":{"line":51,"column":10},"end":{"line":51,"column":39}},"16":{"start":{"line":52,"column":10},"end":{"line":52,"column":27}},"17":{"start":{"line":56,"column":40},"end":{"line":56,"column":42}},"18":{"start":{"line":57,"column":8},"end":{"line":73,"column":9}},"19":{"start":{"line":58,"column":10},"end":{"line":70,"column":12}},"20":{"start":{"line":59,"column":26},"end":{"line":59,"column":59}},"21":{"start":{"line":59,"column":43},"end":{"line":59,"column":58}},"22":{"start":{"line":60,"column":12},"end":{"line":69,"column":14}},"23":{"start":{"line":72,"column":10},"end":{"line":72,"column":21}},"24":{"start":{"line":74,"column":8},"end":{"line":74,"column":28}},"25":{"start":{"line":75,"column":8},"end":{"line":75,"column":25}},"26":{"start":{"line":78,"column":8},"end":{"line":78,"column":28}},"27":{"start":{"line":79,"column":8},"end":{"line":79,"column":25}},"28":{"start":{"line":80,"column":8},"end":{"line":80,"column":23}},"29":{"start":{"line":85,"column":2},"end":{"line":85,"column":44}}},"fnMap":{"0":{"name":"(anonymous_0)","decl":{"start":{"line":26,"column":25},"end":{"line":26,"column":26}},"loc":{"start":{"line":26,"column":31},"end":{"line":86,"column":1}},"line":26},"1":{"name":"(anonymous_1)","decl":{"start":{"line":32,"column":20},"end":{"line":32,"column":21}},"loc":{"start":{"line":32,"column":63},"end":{"line":83,"column":3}},"line":32},"2":{"name":"(anonymous_2)","decl":{"start":{"line":47,"column":12},"end":{"line":47,"column":13}},"loc":{"start":{"line":47,"column":26},"end":{"line":54,"column":7}},"line":47},"3":{"name":"(anonymous_3)","decl":{"start":{"line":55,"column":12},"end":{"line":55,"column":13}},"loc":{"start":{"line":55,"column":26},"end":{"line":76,"column":7}},"line":55},"4":{"name":"(anonymous_4)","decl":{"start":{"line":58,"column":34},"end":{"line":58,"column":35}},"loc":{"start":{"line":58,"column":57},"end":{"line":70,"column":11}},"line":58},"5":{"name":"(anonymous_5)","decl":{"start":{"line":59,"column":38},"end":{"line":59,"column":39}},"loc":{"start":{"line":59,"column":43},"end":{"line":59,"column":58}},"line":59},"6":{"name":"(anonymous_6)","decl":{"start":{"line":77,"column":13},"end":{"line":77,"column":14}},"loc":{"start":{"line":77,"column":24},"end":{"line":81,"column":7}},"line":77}},"branchMap":{"0":{"loc":{"start":{"line":34,"column":48},"end":{"line":34,"column":59}},"type":"binary-expr","locations":[{"start":{"line":34,"column":48},"end":{"line":34,"column":53}},{"start":{"line":34,"column":57},"end":{"line":34,"column":59}}],"line":34},"1":{"loc":{"start":{"line":35,"column":38},"end":{"line":35,"column":51}},"type":"binary-expr","locations":[{"start":{"line":35,"column":38},"end":{"line":35,"column":45}},{"start":{"line":35,"column":49},"end":{"line":35,"column":51}}],"line":35},"2":{"loc":{"start":{"line":48,"column":8},"end":{"line":53,"column":9}},"type":"if","locations":[{"start":{"line":48,"column":8},"end":{"line":53,"column":9}},{"start":{"line":50,"column":15},"end":{"line":53,"column":9}}],"line":48},"3":{"loc":{"start":{"line":57,"column":8},"end":{"line":73,"column":9}},"type":"if","locations":[{"start":{"line":57,"column":8},"end":{"line":73,"column":9}},{"start":{"line":71,"column":15},"end":{"line":73,"column":9}}],"line":57}},"s":{"0":1,"1":0,"2":0,"3":0,"4":0,"5":0,"6":0,"7":0,"8":0,"9":0,"10":0,"11":0,"12":0,"13":0,"14":0,"15":0,"16":0,"17":0,"18":0,"19":0,"20":0,"21":0,"22":0,"23":0,"24":0,"25":0,"26":0,"27":0,"28":0,"29":0},"f":{"0":0,"1":0,"2":0,"3":0,"4":0,"5":0,"6":0},"b":{"0":[0,0],"1":[0,0],"2":[0,0],"3":[0,0]},"_coverageSchema":"1a1c01bbd47fc00a2c39e90264f33305004495a9","hash":"e662c8f146eeaeca452a19837cf5c17a7d49d7a8"}
,"/Users/jimreynolds/infatuation/src/navigation/routes.tsx": {"path":"/Users/jimreynolds/infatuation/src/navigation/routes.tsx","statementMap":{"0":{"start":{"line":9,"column":41},"end":{"line":9,"column":63}}},"fnMap":{},"branchMap":{},"s":{"0":1},"f":{},"b":{},"_coverageSchema":"1a1c01bbd47fc00a2c39e90264f33305004495a9","hash":"e9723219759c02d1d4b3bea697be70938f76eb93"}
,"/Users/jimreynolds/infatuation/src/screens/favorites.tsx": {"path":"/Users/jimreynolds/infatuation/src/screens/favorites.tsx","statementMap":{"0":{"start":{"line":10,"column":77},"end":{"line":68,"column":1}},"1":{"start":{"line":11,"column":50},"end":{"line":11,"column":64}},"2":{"start":{"line":12,"column":34},"end":{"line":12,"column":48}},"3":{"start":{"line":14,"column":4},"end":{"line":16,"column":10}},"4":{"start":{"line":15,"column":8},"end":{"line":15,"column":13}},"5":{"start":{"line":18,"column":27},"end":{"line":20,"column":5}},"6":{"start":{"line":19,"column":8},"end":{"line":19,"column":18}},"7":{"start":{"line":21,"column":43},"end":{"line":21,"column":45}},"8":{"start":{"line":22,"column":4},"end":{"line":35,"column":6}},"9":{"start":{"line":26,"column":12},"end":{"line":26,"column":26}},"10":{"start":{"line":33,"column":12},"end":{"line":33,"column":27}},"11":{"start":{"line":37,"column":17},"end":{"line":37,"column":132}},"12":{"start":{"line":37,"column":38},"end":{"line":37,"column":131}},"13":{"start":{"line":39,"column":4},"end":{"line":65,"column":6}},"14":{"start":{"line":52,"column":51},"end":{"line":52,"column":69}},"15":{"start":{"line":54,"column":24},"end":{"line":54,"column":100}},"16":{"start":{"line":56,"column":47},"end":{"line":61,"column":29}},"17":{"start":{"line":60,"column":40},"end":{"line":60,"column":82}},"18":{"start":{"line":69,"column":15},"end":{"line":111,"column":2}}},"fnMap":{"0":{"name":"(anonymous_0)","decl":{"start":{"line":10,"column":77},"end":{"line":10,"column":78}},"loc":{"start":{"line":10,"column":97},"end":{"line":68,"column":1}},"line":10},"1":{"name":"(anonymous_1)","decl":{"start":{"line":14,"column":14},"end":{"line":14,"column":15}},"loc":{"start":{"line":14,"column":20},"end":{"line":16,"column":5}},"line":14},"2":{"name":"(anonymous_2)","decl":{"start":{"line":18,"column":27},"end":{"line":18,"column":28}},"loc":{"start":{"line":18,"column":43},"end":{"line":20,"column":5}},"line":18},"3":{"name":"(anonymous_3)","decl":{"start":{"line":25,"column":22},"end":{"line":25,"column":23}},"loc":{"start":{"line":25,"column":28},"end":{"line":27,"column":9}},"line":25},"4":{"name":"(anonymous_4)","decl":{"start":{"line":32,"column":22},"end":{"line":32,"column":23}},"loc":{"start":{"line":32,"column":28},"end":{"line":34,"column":9}},"line":32},"5":{"name":"(anonymous_5)","decl":{"start":{"line":37,"column":28},"end":{"line":37,"column":29}},"loc":{"start":{"line":37,"column":38},"end":{"line":37,"column":131}},"line":37},"6":{"name":"(anonymous_6)","decl":{"start":{"line":52,"column":34},"end":{"line":52,"column":35}},"loc":{"start":{"line":52,"column":51},"end":{"line":52,"column":69}},"line":52},"7":{"name":"(anonymous_7)","decl":{"start":{"line":53,"column":32},"end":{"line":53,"column":33}},"loc":{"start":{"line":54,"column":24},"end":{"line":54,"column":100}},"line":54},"8":{"name":"(anonymous_8)","decl":{"start":{"line":56,"column":40},"end":{"line":56,"column":41}},"loc":{"start":{"line":56,"column":47},"end":{"line":61,"column":29}},"line":56},"9":{"name":"(anonymous_9)","decl":{"start":{"line":60,"column":34},"end":{"line":60,"column":35}},"loc":{"start":{"line":60,"column":40},"end":{"line":60,"column":82}},"line":60}},"branchMap":{"0":{"loc":{"start":{"line":37,"column":38},"end":{"line":37,"column":131}},"type":"cond-expr","locations":[{"start":{"line":37,"column":50},"end":{"line":37,"column":89}},{"start":{"line":37,"column":92},"end":{"line":37,"column":131}}],"line":37},"1":{"loc":{"start":{"line":42,"column":13},"end":{"line":42,"column":159}},"type":"binary-expr","locations":[{"start":{"line":42,"column":13},"end":{"line":42,"column":20}},{"start":{"line":42,"column":24},"end":{"line":42,"column":159}}],"line":42},"2":{"loc":{"start":{"line":43,"column":13},"end":{"line":47,"column":13}},"type":"binary-expr","locations":[{"start":{"line":43,"column":13},"end":{"line":43,"column":18}},{"start":{"line":43,"column":22},"end":{"line":43,"column":30}},{"start":{"line":44,"column":16},"end":{"line":46,"column":30}}],"line":43}},"s":{"0":1,"1":4,"2":4,"3":4,"4":4,"5":4,"6":0,"7":4,"8":4,"9":0,"10":0,"11":4,"12":1,"13":4,"14":2,"15":2,"16":3,"17":0,"18":1},"f":{"0":4,"1":4,"2":0,"3":0,"4":0,"5":1,"6":2,"7":2,"8":3,"9":0},"b":{"0":[1,0],"1":[4,1],"2":[4,1,1]},"_coverageSchema":"1a1c01bbd47fc00a2c39e90264f33305004495a9","hash":"18e9a5bd5bf7e20b884ce28d0c8f4284a2a23e1d"}
,"/Users/jimreynolds/infatuation/src/screens/search.tsx": {"path":"/Users/jimreynolds/infatuation/src/screens/search.tsx","statementMap":{"0":{"start":{"line":9,"column":32},"end":{"line":95,"column":1}},"1":{"start":{"line":10,"column":48},"end":{"line":10,"column":59}},"2":{"start":{"line":11,"column":38},"end":{"line":11,"column":52}},"3":{"start":{"line":12,"column":28},"end":{"line":12,"column":67}},"4":{"start":{"line":13,"column":21},"end":{"line":13,"column":44}},"5":{"start":{"line":15,"column":20},"end":{"line":21,"column":5}},"6":{"start":{"line":16,"column":23},"end":{"line":16,"column":34}},"7":{"start":{"line":17,"column":8},"end":{"line":20,"column":10}},"8":{"start":{"line":18,"column":26},"end":{"line":18,"column":59}},"9":{"start":{"line":18,"column":43},"end":{"line":18,"column":58}},"10":{"start":{"line":19,"column":12},"end":{"line":19,"column":35}},"11":{"start":{"line":23,"column":4},"end":{"line":26,"column":22}},"12":{"start":{"line":24,"column":8},"end":{"line":25,"column":21}},"13":{"start":{"line":25,"column":12},"end":{"line":25,"column":21}},"14":{"start":{"line":28,"column":24},"end":{"line":30,"column":5}},"15":{"start":{"line":29,"column":8},"end":{"line":29,"column":28}},"16":{"start":{"line":31,"column":28},"end":{"line":39,"column":5}},"17":{"start":{"line":32,"column":39},"end":{"line":32,"column":44}},"18":{"start":{"line":33,"column":8},"end":{"line":37,"column":9}},"19":{"start":{"line":34,"column":12},"end":{"line":34,"column":38}},"20":{"start":{"line":36,"column":12},"end":{"line":36,"column":106}},"21":{"start":{"line":40,"column":35},"end":{"line":42,"column":13}},"22":{"start":{"line":44,"column":4},"end":{"line":94,"column":5}},"23":{"start":{"line":54,"column":24},"end":{"line":54,"column":52}},"24":{"start":{"line":55,"column":24},"end":{"line":55,"column":37}},"25":{"start":{"line":59,"column":24},"end":{"line":59,"column":57}},"26":{"start":{"line":60,"column":24},"end":{"line":60,"column":42}},"27":{"start":{"line":75,"column":51},"end":{"line":75,"column":69}},"28":{"start":{"line":77,"column":24},"end":{"line":77,"column":136}},"29":{"start":{"line":80,"column":24},"end":{"line":87,"column":31}},"30":{"start":{"line":85,"column":48},"end":{"line":85,"column":73}},"31":{"start":{"line":97,"column":15},"end":{"line":140,"column":2}}},"fnMap":{"0":{"name":"(anonymous_0)","decl":{"start":{"line":9,"column":32},"end":{"line":9,"column":33}},"loc":{"start":{"line":9,"column":38},"end":{"line":95,"column":1}},"line":9},"1":{"name":"(anonymous_1)","decl":{"start":{"line":15,"column":20},"end":{"line":15,"column":21}},"loc":{"start":{"line":15,"column":32},"end":{"line":21,"column":5}},"line":15},"2":{"name":"(anonymous_2)","decl":{"start":{"line":17,"column":17},"end":{"line":17,"column":18}},"loc":{"start":{"line":17,"column":32},"end":{"line":20,"column":9}},"line":17},"3":{"name":"(anonymous_3)","decl":{"start":{"line":18,"column":38},"end":{"line":18,"column":39}},"loc":{"start":{"line":18,"column":43},"end":{"line":18,"column":58}},"line":18},"4":{"name":"(anonymous_4)","decl":{"start":{"line":23,"column":14},"end":{"line":23,"column":15}},"loc":{"start":{"line":23,"column":20},"end":{"line":26,"column":5}},"line":23},"5":{"name":"(anonymous_5)","decl":{"start":{"line":28,"column":24},"end":{"line":28,"column":25}},"loc":{"start":{"line":28,"column":55},"end":{"line":30,"column":5}},"line":28},"6":{"name":"(anonymous_6)","decl":{"start":{"line":31,"column":28},"end":{"line":31,"column":29}},"loc":{"start":{"line":31,"column":51},"end":{"line":39,"column":5}},"line":31},"7":{"name":"(anonymous_7)","decl":{"start":{"line":53,"column":39},"end":{"line":53,"column":40}},"loc":{"start":{"line":53,"column":47},"end":{"line":56,"column":21}},"line":53},"8":{"name":"(anonymous_8)","decl":{"start":{"line":58,"column":29},"end":{"line":58,"column":30}},"loc":{"start":{"line":58,"column":35},"end":{"line":61,"column":21}},"line":58},"9":{"name":"(anonymous_9)","decl":{"start":{"line":75,"column":34},"end":{"line":75,"column":35}},"loc":{"start":{"line":75,"column":51},"end":{"line":75,"column":69}},"line":75},"10":{"name":"(anonymous_10)","decl":{"start":{"line":76,"column":32},"end":{"line":76,"column":33}},"loc":{"start":{"line":77,"column":24},"end":{"line":77,"column":136}},"line":77},"11":{"name":"(anonymous_11)","decl":{"start":{"line":79,"column":40},"end":{"line":79,"column":41}},"loc":{"start":{"line":80,"column":24},"end":{"line":87,"column":31}},"line":80},"12":{"name":"(anonymous_12)","decl":{"start":{"line":85,"column":42},"end":{"line":85,"column":43}},"loc":{"start":{"line":85,"column":48},"end":{"line":85,"column":73}},"line":85}},"branchMap":{"0":{"loc":{"start":{"line":24,"column":8},"end":{"line":25,"column":21}},"type":"if","locations":[{"start":{"line":24,"column":8},"end":{"line":25,"column":21}},{"start":{},"end":{}}],"line":24},"1":{"loc":{"start":{"line":33,"column":8},"end":{"line":37,"column":9}},"type":"if","locations":[{"start":{"line":33,"column":8},"end":{"line":37,"column":9}},{"start":{"line":35,"column":15},"end":{"line":37,"column":9}}],"line":33},"2":{"loc":{"start":{"line":64,"column":13},"end":{"line":64,"column":159}},"type":"binary-expr","locations":[{"start":{"line":64,"column":13},"end":{"line":64,"column":20}},{"start":{"line":64,"column":24},"end":{"line":64,"column":159}}],"line":64},"3":{"loc":{"start":{"line":65,"column":13},"end":{"line":69,"column":13}},"type":"binary-expr","locations":[{"start":{"line":65,"column":13},"end":{"line":65,"column":18}},{"start":{"line":65,"column":22},"end":{"line":65,"column":30}},{"start":{"line":66,"column":16},"end":{"line":68,"column":30}}],"line":65}},"s":{"0":1,"1":7,"2":7,"3":7,"4":7,"5":7,"6":0,"7":0,"8":0,"9":0,"10":0,"11":7,"12":6,"13":0,"14":7,"15":0,"16":7,"17":1,"18":1,"19":0,"20":1,"21":7,"22":7,"23":1,"24":1,"25":0,"26":0,"27":12,"28":12,"29":5,"30":0,"31":1},"f":{"0":7,"1":0,"2":0,"3":0,"4":6,"5":0,"6":1,"7":1,"8":0,"9":12,"10":12,"11":5,"12":0},"b":{"0":[0,6],"1":[0,1],"2":[7,2],"3":[7,3,3]},"_coverageSchema":"1a1c01bbd47fc00a2c39e90264f33305004495a9","hash":"f272b4865c2f8e6bbfe45935d471ebd68dcfc07c"}
}
